\BOOKMARK [1][-]{section.1}{Towers}{}
\BOOKMARK [2][-]{subsection.1.1}{Aid Tower}{section.1}
\BOOKMARK [2][-]{subsection.1.2}{Beam Tower}{section.1}
\BOOKMARK [2][-]{subsection.1.3}{Bomber Tower}{section.1}
\BOOKMARK [2][-]{subsection.1.4}{Charge Tower}{section.1}
\BOOKMARK [2][-]{subsection.1.5}{Circle Tower}{section.1}
\BOOKMARK [2][-]{subsection.1.6}{Freeze Tower}{section.1}
\BOOKMARK [2][-]{subsection.1.7}{Homing Tower}{section.1}
\BOOKMARK [2][-]{subsection.1.8}{Jumper Tower}{section.1}
\BOOKMARK [2][-]{subsection.1.9}{Laser Tower}{section.1}
\BOOKMARK [2][-]{subsection.1.10}{Multi Shot Tower}{section.1}
\BOOKMARK [2][-]{subsection.1.11}{Omnidirectional Tower}{section.1}
\BOOKMARK [2][-]{subsection.1.12}{Poison Tower}{section.1}
\BOOKMARK [2][-]{subsection.1.13}{Scatter Tower}{section.1}
\BOOKMARK [2][-]{subsection.1.14}{Slow Tower}{section.1}
\BOOKMARK [2][-]{subsection.1.15}{Wave Tower}{section.1}
\BOOKMARK [2][-]{subsection.1.16}{Weaken Tower}{section.1}
\BOOKMARK [2][-]{subsection.1.17}{Zapper Tower}{section.1}
\BOOKMARK [2][-]{subsection.1.18}{Ghost}{section.1}
\BOOKMARK [1][-]{section.2}{Specials}{}
\BOOKMARK [2][-]{subsection.2.1}{Different Tower Type Hit Bonus}{section.2}
